<?xml version="1.0" encoding="UTF-8"?>
<!-- Generated by org.testng.reporters.JUnitReportReporter -->
<testsuite name="TestCases.SignInTest" tests="3" time="19.348" ignored="3" failures="1" timestamp="30 Jan 2017 03:36:46 GMT" skipped="1" hostname="DESKTOP-185HNI4" errors="0">
  <testcase name="signIn" time="1.030" classname="TestCases.SignInTest">
    <skipped/>
  </testcase> <!-- signIn -->
  <testcase name="signIn" time="18.318" classname="TestCases.SignInTest"/>
  <testcase name="beforeMethod" time="0.000" classname="TestCases.SignInTest">
    <failure type="java.lang.AssertionError" message="This is login page! expected [https://accounts.spotify.com/en_US/login?continue=http:%2F%2Fsupport.spotify.com%2Fus%2F] but found [https://support.spotify.com/us/]">
      <![CDATA[java.lang.AssertionError: This is login page! expected [https://accounts.spotify.com/en_US/login?continue=http:%2F%2Fsupport.spotify.com%2Fus%2F] but found [https://support.spotify.com/us/]
	at org.testng.Assert.fail(Assert.java:94)
	at org.testng.Assert.failNotEquals(Assert.java:513)
	at org.testng.Assert.assertEqualsImpl(Assert.java:135)
	at org.testng.Assert.assertEquals(Assert.java:116)
	at org.testng.Assert.assertEquals(Assert.java:190)
	at TestCases.BaseTest.beforeMethod(BaseTest.java:37)
	at sun.reflect.NativeMethodAccessorImpl.invoke0(Native Method)
	at sun.reflect.NativeMethodAccessorImpl.invoke(Unknown Source)
	at sun.reflect.DelegatingMethodAccessorImpl.invoke(Unknown Source)
	at java.lang.reflect.Method.invoke(Unknown Source)
	at org.testng.internal.MethodInvocationHelper.invokeMethod(MethodInvocationHelper.java:104)
	at org.testng.internal.Invoker.invokeConfigurationMethod(Invoker.java:515)
	at org.testng.internal.Invoker.invokeConfigurations(Invoker.java:217)
	at org.testng.internal.Invoker.invokeMethod(Invoker.java:590)
	at org.testng.internal.Invoker.invokeTestMethod(Invoker.java:851)
	at org.testng.internal.Invoker.invokeTestMethods(Invoker.java:1177)
	at org.testng.internal.TestMethodWorker.invokeTestMethods(TestMethodWorker.java:129)
	at org.testng.internal.TestMethodWorker.run(TestMethodWorker.java:112)
	at org.testng.TestRunner.privateRun(TestRunner.java:756)
	at org.testng.TestRunner.run(TestRunner.java:610)
	at org.testng.SuiteRunner.runTest(SuiteRunner.java:387)
	at org.testng.SuiteRunner.runSequentially(SuiteRunner.java:382)
	at org.testng.SuiteRunner.privateRun(SuiteRunner.java:340)
	at org.testng.SuiteRunner.run(SuiteRunner.java:289)
	at org.testng.SuiteRunnerWorker.runSuite(SuiteRunnerWorker.java:52)
	at org.testng.SuiteRunnerWorker.run(SuiteRunnerWorker.java:86)
	at org.testng.TestNG.runSuitesSequentially(TestNG.java:1293)
	at org.testng.TestNG.runSuitesLocally(TestNG.java:1218)
	at org.testng.TestNG.runSuites(TestNG.java:1133)
	at org.testng.TestNG.run(TestNG.java:1104)
	at org.testng.remote.AbstractRemoteTestNG.run(AbstractRemoteTestNG.java:132)
	at org.testng.remote.RemoteTestNG.initAndRun(RemoteTestNG.java:236)
	at org.testng.remote.RemoteTestNG.main(RemoteTestNG.java:81)
]]>
    </failure>
  </testcase> <!-- beforeMethod -->
  <testcase name="flashPlayerWork" classname="TestCases.FlashPlayerWork">
    <skipped/>
  </testcase> <!-- flashPlayerWork -->
  <testcase name="searchTest" classname="TestCases.SearchTest">
    <skipped/>
  </testcase> <!-- searchTest -->
  <testcase name="signUp" classname="TestCases.SingUpTest">
    <skipped/>
  </testcase> <!-- signUp -->
</testsuite> <!-- TestCases.SignInTest -->
